
> kyle-thomas-portfolio@0.1.0 dev
> next dev -p 3001

  ▲ Next.js 14.2.5
  - Local:        http://localhost:3001
  - Environments: .env

 ✓ Starting...
 ✓ Ready in 1238ms

> kyle-thomas-portfolio@0.1.0 dev
> next dev -p 3001

  ▲ Next.js 14.2.5
  - Local:        http://localhost:3001
  - Environments: .env

 ✓ Starting...
 ✓ Ready in 1689ms

> kyle-thomas-portfolio@0.1.0 dev
> next dev -p 3001

  ▲ Next.js 14.2.5
  - Local:        http://localhost:3001
  - Environments: .env

 ✓ Starting...
 ✓ Ready in 1113ms
 ⚠ Found a change in next.config.mjs. Restarting the server to apply the changes...
  ▲ Next.js 14.2.5
  - Local:        http://localhost:3001
  - Environments: .env

 ✓ Starting...
 ✓ Ready in 1691ms
